<?xml version="1.0" encoding="UTF-8"?>
<!-- Generated by org.testng.reporters.JUnitReportReporter -->
<testsuite hostname="DESKTOP-7927O2O" failures="0" tests="1" name="kite_test.Test_class" time="4.561" errors="0" timestamp="2022-09-12T11:12:34 IST" skipped="0">
  <testcase classname="kite_test.Test_class" name="verifyuserID" time="4.561"/>
  <system-out>
    <![CDATA[running verify user id]]>
  </system-out>
</testsuite> <!-- kite_test.Test_class -->
